<?xml version="1.0" encoding="UTF-8"?>
<testsuite xmlns:xsi="http://www.w3.org/2001/XMLSchema-instance" xsi:noNamespaceSchemaLocation="https://maven.apache.org/surefire/maven-surefire-plugin/xsd/surefire-test-report.xsd" name="TestSuite" time="1.572" tests="6" errors="0" skipped="0" failures="0">
  <properties>
    <property name="java.specification.version" value="14"/>
    <property name="sun.jnu.encoding" value="UTF-8"/>
    <property name="java.class.path" value="/Users/alexei/IdeaProjects/HillelProject/target/test-classes:/Users/alexei/IdeaProjects/HillelProject/target/classes:/Users/alexei/.m2/repository/org/testng/testng/6.14.3/testng-6.14.3.jar:/Users/alexei/.m2/repository/com/beust/jcommander/1.72/jcommander-1.72.jar:/Users/alexei/.m2/repository/org/apache-extras/beanshell/bsh/2.0b6/bsh-2.0b6.jar:/Users/alexei/.m2/repository/org/seleniumhq/selenium/selenium-java/3.141.59/selenium-java-3.141.59.jar:/Users/alexei/.m2/repository/org/seleniumhq/selenium/selenium-api/3.141.59/selenium-api-3.141.59.jar:/Users/alexei/.m2/repository/org/seleniumhq/selenium/selenium-chrome-driver/3.141.59/selenium-chrome-driver-3.141.59.jar:/Users/alexei/.m2/repository/org/seleniumhq/selenium/selenium-edge-driver/3.141.59/selenium-edge-driver-3.141.59.jar:/Users/alexei/.m2/repository/org/seleniumhq/selenium/selenium-firefox-driver/3.141.59/selenium-firefox-driver-3.141.59.jar:/Users/alexei/.m2/repository/org/seleniumhq/selenium/selenium-ie-driver/3.141.59/selenium-ie-driver-3.141.59.jar:/Users/alexei/.m2/repository/org/seleniumhq/selenium/selenium-opera-driver/3.141.59/selenium-opera-driver-3.141.59.jar:/Users/alexei/.m2/repository/org/seleniumhq/selenium/selenium-remote-driver/3.141.59/selenium-remote-driver-3.141.59.jar:/Users/alexei/.m2/repository/org/seleniumhq/selenium/selenium-safari-driver/3.141.59/selenium-safari-driver-3.141.59.jar:/Users/alexei/.m2/repository/org/seleniumhq/selenium/selenium-support/3.141.59/selenium-support-3.141.59.jar:/Users/alexei/.m2/repository/net/bytebuddy/byte-buddy/1.8.15/byte-buddy-1.8.15.jar:/Users/alexei/.m2/repository/org/apache/commons/commons-exec/1.3/commons-exec-1.3.jar:/Users/alexei/.m2/repository/com/google/guava/guava/25.0-jre/guava-25.0-jre.jar:/Users/alexei/.m2/repository/com/google/code/findbugs/jsr305/1.3.9/jsr305-1.3.9.jar:/Users/alexei/.m2/repository/org/checkerframework/checker-compat-qual/2.0.0/checker-compat-qual-2.0.0.jar:/Users/alexei/.m2/repository/com/google/errorprone/error_prone_annotations/2.1.3/error_prone_annotations-2.1.3.jar:/Users/alexei/.m2/repository/com/google/j2objc/j2objc-annotations/1.1/j2objc-annotations-1.1.jar:/Users/alexei/.m2/repository/org/codehaus/mojo/animal-sniffer-annotations/1.14/animal-sniffer-annotations-1.14.jar:/Users/alexei/.m2/repository/com/squareup/okhttp3/okhttp/3.11.0/okhttp-3.11.0.jar:/Users/alexei/.m2/repository/com/squareup/okio/okio/1.14.0/okio-1.14.0.jar:/Users/alexei/.m2/repository/com/codeborne/selenide/5.14.2/selenide-5.14.2.jar:/Users/alexei/.m2/repository/io/github/bonigarcia/webdrivermanager/4.2.0/webdrivermanager-4.2.0.jar:/Users/alexei/.m2/repository/commons-io/commons-io/2.7/commons-io-2.7.jar:/Users/alexei/.m2/repository/com/google/code/gson/gson/2.8.6/gson-2.8.6.jar:/Users/alexei/.m2/repository/org/apache/commons/commons-lang3/3.11/commons-lang3-3.11.jar:/Users/alexei/.m2/repository/org/jsoup/jsoup/1.13.1/jsoup-1.13.1.jar:/Users/alexei/.m2/repository/org/rauschig/jarchivelib/1.1.0/jarchivelib-1.1.0.jar:/Users/alexei/.m2/repository/org/apache/commons/commons-compress/1.20/commons-compress-1.20.jar:/Users/alexei/.m2/repository/org/apache/httpcomponents/client5/httpclient5/5.0.1/httpclient5-5.0.1.jar:/Users/alexei/.m2/repository/org/apache/httpcomponents/core5/httpcore5/5.0.1/httpcore5-5.0.1.jar:/Users/alexei/.m2/repository/commons-codec/commons-codec/1.13/commons-codec-1.13.jar:/Users/alexei/.m2/repository/org/slf4j/slf4j-api/1.7.30/slf4j-api-1.7.30.jar:/Users/alexei/.m2/repository/io/qameta/allure/allure-testng/2.13.0/allure-testng-2.13.0.jar:/Users/alexei/.m2/repository/io/qameta/allure/allure-java-commons/2.13.0/allure-java-commons-2.13.0.jar:/Users/alexei/.m2/repository/io/qameta/allure/allure-model/2.13.0/allure-model-2.13.0.jar:/Users/alexei/.m2/repository/com/fasterxml/jackson/core/jackson-databind/2.9.8/jackson-databind-2.9.8.jar:/Users/alexei/.m2/repository/com/fasterxml/jackson/core/jackson-annotations/2.9.0/jackson-annotations-2.9.0.jar:/Users/alexei/.m2/repository/com/fasterxml/jackson/core/jackson-core/2.9.8/jackson-core-2.9.8.jar:/Users/alexei/.m2/repository/org/apache/tika/tika-core/1.20/tika-core-1.20.jar:/Users/alexei/.m2/repository/org/jooq/joor-java-8/0.9.10/joor-java-8-0.9.10.jar:/Users/alexei/.m2/repository/io/qameta/allure/allure-selenide/2.13.0/allure-selenide-2.13.0.jar:"/>
    <property name="java.vm.vendor" value="Oracle Corporation"/>
    <property name="sun.arch.data.model" value="64"/>
    <property name="java.vendor.url" value="https://java.oracle.com/"/>
    <property name="os.name" value="Mac OS X"/>
    <property name="java.vm.specification.version" value="14"/>
    <property name="sun.java.launcher" value="SUN_STANDARD"/>
    <property name="user.country" value="UA"/>
    <property name="sun.boot.library.path" value="/Library/Java/JavaVirtualMachines/jdk-14.0.1.jdk/Contents/Home/lib"/>
    <property name="sun.java.command" value="/Users/alexei/IdeaProjects/HillelProject/target/surefire/surefirebooter11761145837756202402.jar /Users/alexei/IdeaProjects/HillelProject/target/surefire 2020-12-14T00-17-44_318-jvmRun1 surefire13002555880034815285tmp surefire_010014558534560930824tmp"/>
    <property name="jdk.debug" value="release"/>
    <property name="surefire.test.class.path" value="/Users/alexei/IdeaProjects/HillelProject/target/test-classes:/Users/alexei/IdeaProjects/HillelProject/target/classes:/Users/alexei/.m2/repository/org/testng/testng/6.14.3/testng-6.14.3.jar:/Users/alexei/.m2/repository/com/beust/jcommander/1.72/jcommander-1.72.jar:/Users/alexei/.m2/repository/org/apache-extras/beanshell/bsh/2.0b6/bsh-2.0b6.jar:/Users/alexei/.m2/repository/org/seleniumhq/selenium/selenium-java/3.141.59/selenium-java-3.141.59.jar:/Users/alexei/.m2/repository/org/seleniumhq/selenium/selenium-api/3.141.59/selenium-api-3.141.59.jar:/Users/alexei/.m2/repository/org/seleniumhq/selenium/selenium-chrome-driver/3.141.59/selenium-chrome-driver-3.141.59.jar:/Users/alexei/.m2/repository/org/seleniumhq/selenium/selenium-edge-driver/3.141.59/selenium-edge-driver-3.141.59.jar:/Users/alexei/.m2/repository/org/seleniumhq/selenium/selenium-firefox-driver/3.141.59/selenium-firefox-driver-3.141.59.jar:/Users/alexei/.m2/repository/org/seleniumhq/selenium/selenium-ie-driver/3.141.59/selenium-ie-driver-3.141.59.jar:/Users/alexei/.m2/repository/org/seleniumhq/selenium/selenium-opera-driver/3.141.59/selenium-opera-driver-3.141.59.jar:/Users/alexei/.m2/repository/org/seleniumhq/selenium/selenium-remote-driver/3.141.59/selenium-remote-driver-3.141.59.jar:/Users/alexei/.m2/repository/org/seleniumhq/selenium/selenium-safari-driver/3.141.59/selenium-safari-driver-3.141.59.jar:/Users/alexei/.m2/repository/org/seleniumhq/selenium/selenium-support/3.141.59/selenium-support-3.141.59.jar:/Users/alexei/.m2/repository/net/bytebuddy/byte-buddy/1.8.15/byte-buddy-1.8.15.jar:/Users/alexei/.m2/repository/org/apache/commons/commons-exec/1.3/commons-exec-1.3.jar:/Users/alexei/.m2/repository/com/google/guava/guava/25.0-jre/guava-25.0-jre.jar:/Users/alexei/.m2/repository/com/google/code/findbugs/jsr305/1.3.9/jsr305-1.3.9.jar:/Users/alexei/.m2/repository/org/checkerframework/checker-compat-qual/2.0.0/checker-compat-qual-2.0.0.jar:/Users/alexei/.m2/repository/com/google/errorprone/error_prone_annotations/2.1.3/error_prone_annotations-2.1.3.jar:/Users/alexei/.m2/repository/com/google/j2objc/j2objc-annotations/1.1/j2objc-annotations-1.1.jar:/Users/alexei/.m2/repository/org/codehaus/mojo/animal-sniffer-annotations/1.14/animal-sniffer-annotations-1.14.jar:/Users/alexei/.m2/repository/com/squareup/okhttp3/okhttp/3.11.0/okhttp-3.11.0.jar:/Users/alexei/.m2/repository/com/squareup/okio/okio/1.14.0/okio-1.14.0.jar:/Users/alexei/.m2/repository/com/codeborne/selenide/5.14.2/selenide-5.14.2.jar:/Users/alexei/.m2/repository/io/github/bonigarcia/webdrivermanager/4.2.0/webdrivermanager-4.2.0.jar:/Users/alexei/.m2/repository/commons-io/commons-io/2.7/commons-io-2.7.jar:/Users/alexei/.m2/repository/com/google/code/gson/gson/2.8.6/gson-2.8.6.jar:/Users/alexei/.m2/repository/org/apache/commons/commons-lang3/3.11/commons-lang3-3.11.jar:/Users/alexei/.m2/repository/org/jsoup/jsoup/1.13.1/jsoup-1.13.1.jar:/Users/alexei/.m2/repository/org/rauschig/jarchivelib/1.1.0/jarchivelib-1.1.0.jar:/Users/alexei/.m2/repository/org/apache/commons/commons-compress/1.20/commons-compress-1.20.jar:/Users/alexei/.m2/repository/org/apache/httpcomponents/client5/httpclient5/5.0.1/httpclient5-5.0.1.jar:/Users/alexei/.m2/repository/org/apache/httpcomponents/core5/httpcore5/5.0.1/httpcore5-5.0.1.jar:/Users/alexei/.m2/repository/commons-codec/commons-codec/1.13/commons-codec-1.13.jar:/Users/alexei/.m2/repository/org/slf4j/slf4j-api/1.7.30/slf4j-api-1.7.30.jar:/Users/alexei/.m2/repository/io/qameta/allure/allure-testng/2.13.0/allure-testng-2.13.0.jar:/Users/alexei/.m2/repository/io/qameta/allure/allure-java-commons/2.13.0/allure-java-commons-2.13.0.jar:/Users/alexei/.m2/repository/io/qameta/allure/allure-model/2.13.0/allure-model-2.13.0.jar:/Users/alexei/.m2/repository/com/fasterxml/jackson/core/jackson-databind/2.9.8/jackson-databind-2.9.8.jar:/Users/alexei/.m2/repository/com/fasterxml/jackson/core/jackson-annotations/2.9.0/jackson-annotations-2.9.0.jar:/Users/alexei/.m2/repository/com/fasterxml/jackson/core/jackson-core/2.9.8/jackson-core-2.9.8.jar:/Users/alexei/.m2/repository/org/apache/tika/tika-core/1.20/tika-core-1.20.jar:/Users/alexei/.m2/repository/org/jooq/joor-java-8/0.9.10/joor-java-8-0.9.10.jar:/Users/alexei/.m2/repository/io/qameta/allure/allure-selenide/2.13.0/allure-selenide-2.13.0.jar:"/>
    <property name="allure.results.directory" value="target/allure-results"/>
    <property name="sun.cpu.endian" value="little"/>
    <property name="user.home" value="/Users/alexei"/>
    <property name="user.language" value="ru"/>
    <property name="java.specification.vendor" value="Oracle Corporation"/>
    <property name="java.version.date" value="2020-04-14"/>
    <property name="java.home" value="/Library/Java/JavaVirtualMachines/jdk-14.0.1.jdk/Contents/Home"/>
    <property name="file.separator" value="/"/>
    <property name="basedir" value="/Users/alexei/IdeaProjects/HillelProject"/>
    <property name="java.vm.compressedOopsMode" value="Zero based"/>
    <property name="line.separator" value="&#10;"/>
    <property name="java.vm.specification.vendor" value="Oracle Corporation"/>
    <property name="java.specification.name" value="Java Platform API Specification"/>
    <property name="idea.version2020.1.2" value="true"/>
    <property name="surefire.real.class.path" value="/Users/alexei/IdeaProjects/HillelProject/target/surefire/surefirebooter11761145837756202402.jar"/>
    <property name="sun.management.compiler" value="HotSpot 64-Bit Tiered Compilers"/>
    <property name="java.runtime.version" value="14.0.1+7"/>
    <property name="user.name" value="alexei"/>
    <property name="path.separator" value=":"/>
    <property name="os.version" value="10.16"/>
    <property name="java.runtime.name" value="Java(TM) SE Runtime Environment"/>
    <property name="file.encoding" value="US-ASCII"/>
    <property name="java.vm.name" value="Java HotSpot(TM) 64-Bit Server VM"/>
    <property name="localRepository" value="/Users/alexei/.m2/repository"/>
    <property name="java.vendor.url.bug" value="https://bugreport.java.com/bugreport/"/>
    <property name="java.io.tmpdir" value="/var/folders/17/ymtbx6g13ddd6bhktzfz98x40000gp/T/"/>
    <property name="java.version" value="14.0.1"/>
    <property name="user.dir" value="/Users/alexei/IdeaProjects/HillelProject"/>
    <property name="os.arch" value="x86_64"/>
    <property name="java.vm.specification.name" value="Java Virtual Machine Specification"/>
    <property name="java.library.path" value="/Users/alexei/Library/Java/Extensions:/Library/Java/Extensions:/Network/Library/Java/Extensions:/System/Library/Java/Extensions:/usr/lib/java:."/>
    <property name="java.vm.info" value="mixed mode, sharing"/>
    <property name="java.vendor" value="Oracle Corporation"/>
    <property name="java.vm.version" value="14.0.1+7"/>
    <property name="sun.io.unicode.encoding" value="UnicodeBig"/>
    <property name="java.class.version" value="58.0"/>
  </properties>
  <testcase name="groupTestOne" classname="ForTest2" time="0.294"/>
  <testcase name="groupTestOne" classname="ForTest" time="0.295"/>
  <testcase name="groupTestThree" classname="ForTest" time="0.002"/>
  <testcase name="groupTestThree" classname="ForTest2" time="0.003"/>
  <testcase name="groupTestTwo" classname="ForTest2" time="0"/>
  <testcase name="groupTestTwo" classname="ForTest" time="0.001"/>
</testsuite>