<?xml version="1.0" encoding="UTF-8"?>
<!-- Generated by org.testng.reporters.JUnitReportReporter -->
<testsuite hostname="MacBook-Pro.local" failures="0" tests="3" name="ForTest2" time="0.299" errors="0" timestamp="13 дек. 2020 22:17:48 GMT" skipped="0">
  <testcase classname="ForTest2" name="groupTestThree" time="0.003"/>
  <testcase classname="ForTest2" name="groupTestTwo" time="0.002"/>
  <testcase classname="ForTest2" name="groupTestOne" time="0.294"/>
</testsuite> <!-- ForTest2 -->
