<?xml version="1.0" encoding="UTF-8"?>
<!-- Generated by org.testng.reporters.JUnitReportReporter -->
<testsuite hostname="MacBook-Pro.local" failures="0" tests="3" name="ForTest2" time="0.017" errors="0" timestamp="24 нояб. 2020 16:29:14 GMT" skipped="0">
  <testcase classname="ForTest2" name="groupTestOne" time="0.017"/>
  <testcase classname="ForTest2" name="groupTestTwo" time="0.000"/>
  <testcase classname="ForTest2" name="groupTestThree" time="0.000"/>
</testsuite> <!-- ForTest2 -->
